<?xml version="1.0" encoding="UTF-8" ?>
<testsuite tests="19" failures="0" name="testRunner.MyRunner" time="65.411" errors="0" skipped="0">
  <properties>
[...]
</properties>
  <testcase classname="Scenario: Add a new Customer" name="Given User lunch a browser" time="0.002"/>
  <testcase classname="Scenario: Add a new Customer" name="When User enter url as &quot;http://admin-demo.nopcommerce.com&quot;" time="0"/>
  <testcase classname="Scenario: Add a new Customer" name="Then User enter Email as &quot;admin@yourstore.com&quot; and Password as &quot;admin&quot;" time="0"/>
  <testcase classname="Scenario: Add a new Customer" name="Then click on login button" time="0"/>
  <testcase classname="Scenario: Add a new Customer" name="Then user click on Customers menu" time="0"/>
  <testcase classname="Scenario: Add a new Customer" name="Then user click on customers item" time="0"/>
  <testcase classname="Scenario: Add a new Customer" name="Then user click on Add new button" time="0"/>
  <testcase classname="Scenario: Add a new Customer" name="When user enter new customer info" time="0"/>
  <testcase classname="Scenario: Add a new Customer" name="Then user click on Save button" time="0"/>
  <testcase classname="Scenario: Add a new Customer" name="Then User click on logout button" time="0"/>
  <testcase classname="Scenario: Add a new Customer" name="Then close the browser" time="0"/>
  <testcase classname="Scenario: Add a new Customer" name="Scenario: Add a new Customer" time="0.001"/>
  <testcase classname="Scenario: Login page functionalities test" name="Given User lunch a browser" time="0"/>
  <testcase classname="Scenario: Login page functionalities test" name="When User enter url as &quot;http://admin-demo.nopcommerce.com&quot;" time="0"/>
  <testcase classname="Scenario: Login page functionalities test" name="Then User enter Email as &quot;admin@yourstore.com&quot; and Password as &quot;admin&quot;" time="0"/>
  <testcase classname="Scenario: Login page functionalities test" name="Then click on login button" time="0"/>
  <testcase classname="Scenario: Login page functionalities test" name="Then User click on logout button" time="0"/>
  <testcase classname="Scenario: Login page functionalities test" name="Then close the browser" time="0"/>
  <testcase classname="Scenario: Login page functionalities test" name="Scenario: Login page functionalities test" time="0.001"/>
</testsuite>